<?xml version="1.0" encoding="UTF-8"?>
<testng-results ignored="0" total="10" passed="10" failed="0" skipped="0">
  <reporter-output>
  </reporter-output>
  <suite started-at="2023-05-14T17:53:25 EEST" name="test.Tests" finished-at="2023-05-14T17:54:02 EEST" duration-ms="37081">
    <groups>
    </groups>
    <test started-at="2023-05-14T17:53:25 EEST" name="Command line test" finished-at="2023-05-14T17:54:02 EEST" duration-ms="37081">
      <class name="test.Tests">
        <test-method is-config="true" signature="setupDriver()[pri:0, instance:test.Tests@6295d394]" started-at="2023-05-14T17:53:25 EEST" name="setupDriver" finished-at="2023-05-14T17:53:29 EEST" duration-ms="3495" status="PASS">
          <reporter-output>
          </reporter-output>
        </test-method> <!-- setupDriver -->
        <test-method signature="testClickCallMeBtn()[pri:0, instance:test.Tests@6295d394]" started-at="2023-05-14T17:53:29 EEST" name="testClickCallMeBtn" finished-at="2023-05-14T17:53:34 EEST" duration-ms="5154" status="PASS">
          <reporter-output>
          </reporter-output>
        </test-method> <!-- testClickCallMeBtn -->
        <test-method signature="testClickFqSelector()[pri:0, instance:test.Tests@6295d394]" started-at="2023-05-14T17:53:34 EEST" name="testClickFqSelector" finished-at="2023-05-14T17:53:37 EEST" duration-ms="2655" status="PASS">
          <reporter-output>
          </reporter-output>
        </test-method> <!-- testClickFqSelector -->
        <test-method signature="testClickFqSelector2()[pri:0, instance:test.Tests@6295d394]" started-at="2023-05-14T17:53:37 EEST" name="testClickFqSelector2" finished-at="2023-05-14T17:53:39 EEST" duration-ms="2328" status="PASS">
          <reporter-output>
          </reporter-output>
        </test-method> <!-- testClickFqSelector2 -->
        <test-method signature="testClickPampikLinkAndAssertTitle()[pri:0, instance:test.Tests@6295d394]" started-at="2023-05-14T17:53:39 EEST" name="testClickPampikLinkAndAssertTitle" finished-at="2023-05-14T17:53:41 EEST" duration-ms="2375" status="PASS">
          <reporter-output>
          </reporter-output>
        </test-method> <!-- testClickPampikLinkAndAssertTitle -->
        <test-method signature="testClickRusLink()[pri:0, instance:test.Tests@6295d394]" started-at="2023-05-14T17:53:41 EEST" name="testClickRusLink" finished-at="2023-05-14T17:53:44 EEST" duration-ms="2654" status="PASS">
          <reporter-output>
          </reporter-output>
        </test-method> <!-- testClickRusLink -->
        <test-method signature="testClickSubMenu()[pri:0, instance:test.Tests@6295d394]" started-at="2023-05-14T17:53:44 EEST" name="testClickSubMenu" finished-at="2023-05-14T17:53:48 EEST" duration-ms="4394" status="PASS">
          <reporter-output>
          </reporter-output>
        </test-method> <!-- testClickSubMenu -->
        <test-method signature="testMoveToElementCategoryClick()[pri:0, instance:test.Tests@6295d394]" started-at="2023-05-14T17:53:48 EEST" name="testMoveToElementCategoryClick" finished-at="2023-05-14T17:53:52 EEST" duration-ms="3230" status="PASS">
          <reporter-output>
          </reporter-output>
        </test-method> <!-- testMoveToElementCategoryClick -->
        <test-method signature="testSearch()[pri:0, instance:test.Tests@6295d394]" started-at="2023-05-14T17:53:52 EEST" name="testSearch" finished-at="2023-05-14T17:53:56 EEST" duration-ms="4161" status="PASS">
          <reporter-output>
          </reporter-output>
        </test-method> <!-- testSearch -->
        <test-method signature="testSliderNavigation()[pri:0, instance:test.Tests@6295d394]" started-at="2023-05-14T17:53:56 EEST" name="testSliderNavigation" finished-at="2023-05-14T17:53:59 EEST" duration-ms="2637" status="PASS">
          <reporter-output>
          </reporter-output>
        </test-method> <!-- testSliderNavigation -->
        <test-method signature="testSubmitEmail()[pri:0, instance:test.Tests@6295d394]" started-at="2023-05-14T17:53:59 EEST" name="testSubmitEmail" finished-at="2023-05-14T17:54:02 EEST" duration-ms="3846" status="PASS">
          <reporter-output>
          </reporter-output>
        </test-method> <!-- testSubmitEmail -->
      </class> <!-- test.Tests -->
    </test> <!-- Command line test -->
  </suite> <!-- test.Tests -->
</testng-results>
