<?xml version="1.0" encoding="UTF-8"?>
<testng-results ignored="0" total="15" passed="15" failed="0" skipped="0">
  <reporter-output>
  </reporter-output>
  <suite started-at="2023-05-28T16:42:01 EEST" name="Surefire suite" finished-at="2023-05-28T16:42:58 EEST" duration-ms="56367">
    <groups>
    </groups>
    <test started-at="2023-05-28T16:42:01 EEST" name="Surefire test" finished-at="2023-05-28T16:42:58 EEST" duration-ms="56367">
      <class name="test.Tests">
        <test-method is-config="true" signature="setupDriver()[pri:0, instance:test.Tests@149e0f5d]" started-at="2023-05-28T16:42:01 EEST" name="setupDriver" finished-at="2023-05-28T16:42:05 EEST" duration-ms="3145" status="PASS">
          <reporter-output>
          </reporter-output>
        </test-method> <!-- setupDriver -->
        <test-method signature="testClickBannerLinkAndAssertText()[pri:0, instance:test.Tests@149e0f5d]" started-at="2023-05-28T16:42:05 EEST" name="testClickBannerLinkAndAssertText" finished-at="2023-05-28T16:42:11 EEST" duration-ms="6217" status="PASS">
          <reporter-output>
          </reporter-output>
        </test-method> <!-- testClickBannerLinkAndAssertText -->
        <test-method signature="testClickCallMeBtn()[pri:0, instance:test.Tests@149e0f5d]" started-at="2023-05-28T16:42:11 EEST" name="testClickCallMeBtn" finished-at="2023-05-28T16:42:15 EEST" duration-ms="4561" status="PASS">
          <reporter-output>
          </reporter-output>
        </test-method> <!-- testClickCallMeBtn -->
        <test-method signature="testClickChildRoomLinkAndAssertTitle()[pri:0, instance:test.Tests@149e0f5d]" started-at="2023-05-28T16:42:15 EEST" name="testClickChildRoomLinkAndAssertTitle" finished-at="2023-05-28T16:42:19 EEST" duration-ms="3201" status="PASS">
          <reporter-output>
          </reporter-output>
        </test-method> <!-- testClickChildRoomLinkAndAssertTitle -->
        <test-method signature="testClickContactUsTooltipAndAssertText()[pri:0, instance:test.Tests@149e0f5d]" started-at="2023-05-28T16:42:19 EEST" name="testClickContactUsTooltipAndAssertText" finished-at="2023-05-28T16:42:20 EEST" duration-ms="1806" status="PASS">
          <reporter-output>
          </reporter-output>
        </test-method> <!-- testClickContactUsTooltipAndAssertText -->
        <test-method signature="testClickDeliveryBagLinkAndAssertText()[pri:0, instance:test.Tests@149e0f5d]" started-at="2023-05-28T16:42:20 EEST" name="testClickDeliveryBagLinkAndAssertText" finished-at="2023-05-28T16:42:28 EEST" duration-ms="7902" status="PASS">
          <reporter-output>
          </reporter-output>
        </test-method> <!-- testClickDeliveryBagLinkAndAssertText -->
        <test-method signature="testClickDishwashingSuppliesLinkAndAssertTitle()[pri:0, instance:test.Tests@149e0f5d]" started-at="2023-05-28T16:42:28 EEST" name="testClickDishwashingSuppliesLinkAndAssertTitle" finished-at="2023-05-28T16:42:32 EEST" duration-ms="3562" status="PASS">
          <reporter-output>
          </reporter-output>
        </test-method> <!-- testClickDishwashingSuppliesLinkAndAssertTitle -->
        <test-method signature="testClickFqSelector()[pri:0, instance:test.Tests@149e0f5d]" started-at="2023-05-28T16:42:32 EEST" name="testClickFqSelector" finished-at="2023-05-28T16:42:34 EEST" duration-ms="2483" status="PASS">
          <reporter-output>
          </reporter-output>
        </test-method> <!-- testClickFqSelector -->
        <test-method signature="testClickFqSelector2()[pri:0, instance:test.Tests@149e0f5d]" started-at="2023-05-28T16:42:34 EEST" name="testClickFqSelector2" finished-at="2023-05-28T16:42:36 EEST" duration-ms="1911" status="PASS">
          <reporter-output>
          </reporter-output>
        </test-method> <!-- testClickFqSelector2 -->
        <test-method signature="testClickPampikLinkAndAssertTitle()[pri:0, instance:test.Tests@149e0f5d]" started-at="2023-05-28T16:42:36 EEST" name="testClickPampikLinkAndAssertTitle" finished-at="2023-05-28T16:42:39 EEST" duration-ms="2361" status="PASS">
          <reporter-output>
          </reporter-output>
        </test-method> <!-- testClickPampikLinkAndAssertTitle -->
        <test-method signature="testClickRusLink()[pri:0, instance:test.Tests@149e0f5d]" started-at="2023-05-28T16:42:39 EEST" name="testClickRusLink" finished-at="2023-05-28T16:42:41 EEST" duration-ms="2680" status="PASS">
          <reporter-output>
          </reporter-output>
        </test-method> <!-- testClickRusLink -->
        <test-method signature="testClickSubMenu()[pri:0, instance:test.Tests@149e0f5d]" started-at="2023-05-28T16:42:41 EEST" name="testClickSubMenu" finished-at="2023-05-28T16:42:45 EEST" duration-ms="3758" status="PASS">
          <reporter-output>
          </reporter-output>
        </test-method> <!-- testClickSubMenu -->
        <test-method signature="testMoveToElementCategoryClick()[pri:0, instance:test.Tests@149e0f5d]" started-at="2023-05-28T16:42:45 EEST" name="testMoveToElementCategoryClick" finished-at="2023-05-28T16:42:48 EEST" duration-ms="3257" status="PASS">
          <reporter-output>
          </reporter-output>
        </test-method> <!-- testMoveToElementCategoryClick -->
        <test-method signature="testSearch()[pri:0, instance:test.Tests@149e0f5d]" started-at="2023-05-28T16:42:48 EEST" name="testSearch" finished-at="2023-05-28T16:42:52 EEST" duration-ms="3333" status="PASS">
          <reporter-output>
          </reporter-output>
        </test-method> <!-- testSearch -->
        <test-method signature="testSliderNavigation()[pri:0, instance:test.Tests@149e0f5d]" started-at="2023-05-28T16:42:52 EEST" name="testSliderNavigation" finished-at="2023-05-28T16:42:54 EEST" duration-ms="2342" status="PASS">
          <reporter-output>
          </reporter-output>
        </test-method> <!-- testSliderNavigation -->
        <test-method signature="testSubmitEmail()[pri:0, instance:test.Tests@149e0f5d]" started-at="2023-05-28T16:42:54 EEST" name="testSubmitEmail" finished-at="2023-05-28T16:42:58 EEST" duration-ms="3439" status="PASS">
          <reporter-output>
          </reporter-output>
        </test-method> <!-- testSubmitEmail -->
        <test-method is-config="true" signature="closeDriver()[pri:0, instance:test.Tests@149e0f5d]" started-at="2023-05-28T16:42:58 EEST" name="closeDriver" finished-at="2023-05-28T16:42:58 EEST" duration-ms="253" status="PASS">
          <reporter-output>
          </reporter-output>
        </test-method> <!-- closeDriver -->
      </class> <!-- test.Tests -->
    </test> <!-- Surefire test -->
  </suite> <!-- Surefire suite -->
</testng-results>
