<?xml version="1.0" encoding="UTF-8"?>
<testsuite xmlns:xsi="http://www.w3.org/2001/XMLSchema-instance" xsi:noNamespaceSchemaLocation="https://maven.apache.org/surefire/maven-surefire-plugin/xsd/surefire-test-report-3.0.xsd" version="3.0" name="test.Tests" time="55.984" tests="15" errors="0" skipped="0" failures="0">
  <properties>
[...]
</properties>
  <testcase name="testClickBannerLinkAndAssertText" classname="test.Tests" time="6.512">
    <system-err><![CDATA[SLF4J: Failed to load class "org.slf4j.impl.StaticLoggerBinder".
SLF4J: Defaulting to no-operation (NOP) logger implementation
SLF4J: See http://www.slf4j.org/codes.html#StaticLoggerBinder for further details.
Starting ChromeDriver 113.0.5672.63 (0e1a4471d5ae5bf128b1bd8f4d627c8cbd55f70c-refs/branch-heads/5672@{#912}) on port 35420
Only local connections are allowed.
Please see https://chromedriver.chromium.org/security-considerations for suggestions on keeping ChromeDriver safe.
ChromeDriver was started successfully.
трав. 28, 2023 4:18:56 ПП org.openqa.selenium.devtools.CdpVersionFinder findNearestMatch
WARNING: Unable to find CDP implementation matching 113
трав. 28, 2023 4:18:56 ПП org.openqa.selenium.chromium.ChromiumDriver lambda$new$3
WARNING: Unable to find version of CDP to use for . You may need to include a dependency on a specific version of the CDP using something similar to `org.seleniumhq.selenium:selenium-devtools-v86:4.8.3` where the version ("v86") matches the version of the chromium-based browser you're using and the version number of the artifact is the same as Selenium's.
трав. 28, 2023 4:18:59 ПП functions.Elements clickOnElement3
INFO: Click on element located by By.xpath: //span[@class='banner-link icon icon-big-arrow' and span[text()='Перейти']]
трав. 28, 2023 4:19:03 ПП functions.Assertions assertElementIsDisplayed
INFO: Asserting that element located by By.xpath: //div[contains(@class, 'banner-item')]//span[contains(text(), 'Зміни в умовах доставки')] is displayed
]]></system-err>
  </testcase>
  <testcase name="testClickCallMeBtn" classname="test.Tests" time="2.569">
    <system-err><![CDATA[трав. 28, 2023 4:19:04 ПП functions.Elements clickOnElement2
INFO: Click on element located byBy.xpath: //div[@class='callback']/a[@class='call-me-btn']
трав. 28, 2023 4:19:06 ПП functions.Elements clickOnElement2
INFO: Click on element located byBy.xpath: //*[@id='callback']/div/button
]]></system-err>
  </testcase>
  <testcase name="testClickChildRoomLinkAndAssertTitle" classname="test.Tests" time="3.371">
    <system-out><![CDATA[Ожидаемый заголовок: Дитяча кімната | Интернет магазин детских товаров в Украине. Купить товары для детей с доставкой - Pampik.
Фактический заголовок: Акції | Інтернет магазин дитячих товарів в Україні. Продаж товарів для дітей з доставкою - Pampik.
]]></system-out>
    <system-err><![CDATA[трав. 28, 2023 4:19:09 ПП functions.Elements clickOnElement2
INFO: Click on element located byBy.xpath: //a[@class='check-box__label' and contains(text(), 'Дитяча кімната')]
]]></system-err>
  </testcase>
  <testcase name="testClickContactUsTooltipAndAssertText" classname="test.Tests" time="1.792">
    <system-err><![CDATA[трав. 28, 2023 4:19:10 ПП functions.Elements clickOnElement2
INFO: Click on element located byBy.xpath: //div[@class='rngst_phone_body--tooltip rngst_phone_icon']
трав. 28, 2023 4:19:11 ПП test.Tests testClickContactUsTooltipAndAssertText
INFO: Telegram
]]></system-err>
  </testcase>
  <testcase name="testClickDeliveryBagLinkAndAssertText" classname="test.Tests" time="9.358">
    <system-err><![CDATA[трав. 28, 2023 4:19:12 ПП functions.Elements clickOnElement3
INFO: Click on element located by By.xpath: //*[@id='main']/div/div[1]/div[1]/ul[2]/li[1]/a
]]></system-err>
  </testcase>
  <testcase name="testClickDishwashingSuppliesLinkAndAssertTitle" classname="test.Tests" time="2.886">
    <system-out><![CDATA[Ожидаемый заголовок: Засоби для миття посуду | Интернет магазин детских товаров в Украине. Купить товары для детей с доставкой - Pampik.
Фактический заголовок: Засоби для миття посуду | | Интернет магазин детских товаров в Украине. Купить товары для детей с доставкой - Pampik.
]]></system-out>
    <system-err><![CDATA[трав. 28, 2023 4:19:22 ПП functions.Elements clickOnElement3
INFO: Click on element located by By.xpath: //a[@href='https://pampik.com/ua/category/sredstva-dlya-myitya-posudyi']
]]></system-err>
  </testcase>
  <testcase name="testClickFqSelector" classname="test.Tests" time="2.237">
    <system-err><![CDATA[трав. 28, 2023 4:19:25 ПП functions.Elements clickOnElement2
INFO: Click on element located byBy.xpath: //div[@class='fq_selector active' and @itemprop='name']
трав. 28, 2023 4:19:25 ПП functions.Assertions assertElementIsDisplayed
INFO: Asserting that element located by By.xpath: //*[@id='main']/div/div[6]/section/div[2]/div[1]/div/img is displayed
]]></system-err>
  </testcase>
  <testcase name="testClickFqSelector2" classname="test.Tests" time="2.348">
    <system-err><![CDATA[трав. 28, 2023 4:19:27 ПП functions.Elements clickOnElement2
INFO: Click on element located byBy.xpath: //div[@class='fq_selector active' and @itemprop='name']
]]></system-err>
  </testcase>
  <testcase name="testClickPampikLinkAndAssertTitle" classname="test.Tests" time="2.244">
    <system-err><![CDATA[трав. 28, 2023 4:19:29 ПП functions.Elements clickOnElement2
INFO: Click on element located byBy.xpath: //a[@href='#' and text()='pampik.com']
]]></system-err>
  </testcase>
  <testcase name="testClickRusLink" classname="test.Tests" time="2.429">
    <system-err><![CDATA[трав. 28, 2023 4:19:31 ПП functions.Elements clickOnElement3
INFO: Click on element located by By.xpath: //a[@data-lang='ru-RU']
трав. 28, 2023 4:19:32 ПП test.Tests testClickRusLink
INFO: Clicked on RU link from home page
]]></system-err>
  </testcase>
  <testcase name="testClickSubMenu" classname="test.Tests" time="3.515">
    <system-err><![CDATA[трав. 28, 2023 4:19:35 ПП functions.Elements clickOnElement3
INFO: Click on element located by By.xpath: //a[@href='/ua/category/progulocnye-kolaski']
]]></system-err>
  </testcase>
  <testcase name="testMoveToElementCategoryClick" classname="test.Tests" time="3.275">
    <system-err><![CDATA[трав. 28, 2023 4:19:38 ПП functions.Elements clickOnElement3
INFO: Click on element located by By.xpath: //li[@class='all-category']/a[@href='/ua/category/igrovaya-komnata-i-bezopasnost']
]]></system-err>
  </testcase>
  <testcase name="testSearch" classname="test.Tests" time="3.186">
    <system-err><![CDATA[трав. 28, 2023 4:19:42 ПП test.Tests testSearch
INFO: Результати пошуку за запитом 'Підгузки'
]]></system-err>
  </testcase>
  <testcase name="testSliderNavigation" classname="test.Tests" time="2.42">
    <system-err><![CDATA[трав. 28, 2023 4:19:45 ПП functions.Elements clickOnElement2
INFO: Click on element located byBy.cssSelector: button.slick-next.slick-arrow
трав. 28, 2023 4:19:45 ПП functions.Elements clickOnElement2
INFO: Click on element located byBy.cssSelector: button.slick-prev.slick-arrow
]]></system-err>
  </testcase>
  <testcase name="testSubmitEmail" classname="test.Tests" time="3.284"/>
</testsuite>