<?xml version="1.0" encoding="UTF-8"?>
<!-- Generated by org.testng.reporters.JUnitXMLReporter -->
<testsuite ignored="0" hostname="япошка" failures="0" tests="15" name="Surefire test" time="55.093" errors="0" timestamp="2023-05-28T16:19:49 EEST">
  <testcase classname="test.Tests" name="testClickBannerLinkAndAssertText" time="6.513"/>
  <testcase classname="test.Tests" name="testClickCallMeBtn" time="2.572"/>
  <testcase classname="test.Tests" name="testClickChildRoomLinkAndAssertTitle" time="3.367"/>
  <testcase classname="test.Tests" name="testClickContactUsTooltipAndAssertText" time="1.791"/>
  <testcase classname="test.Tests" name="testClickDeliveryBagLinkAndAssertText" time="9.357"/>
  <testcase classname="test.Tests" name="testClickDishwashingSuppliesLinkAndAssertTitle" time="2.881"/>
  <testcase classname="test.Tests" name="testClickFqSelector" time="2.242"/>
  <testcase classname="test.Tests" name="testClickFqSelector2" time="2.34"/>
  <testcase classname="test.Tests" name="testClickPampikLinkAndAssertTitle" time="2.25"/>
  <testcase classname="test.Tests" name="testClickRusLink" time="2.417"/>
  <testcase classname="test.Tests" name="testClickSubMenu" time="3.526"/>
  <testcase classname="test.Tests" name="testMoveToElementCategoryClick" time="3.275"/>
  <testcase classname="test.Tests" name="testSearch" time="3.172"/>
  <testcase classname="test.Tests" name="testSliderNavigation" time="2.434"/>
  <testcase classname="test.Tests" name="testSubmitEmail" time="3.283"/>
</testsuite> <!-- Surefire test -->
