<?xml version="1.0" encoding="UTF-8"?>
<!-- Generated by org.testng.reporters.JUnitXMLReporter -->
<testsuite ignored="0" hostname="япошка" failures="0" tests="15" name="Surefire test" time="56.367" errors="0" timestamp="2023-05-28T16:42:58 EEST">
  <testcase classname="test.Tests" name="testClickBannerLinkAndAssertText" time="6.217"/>
  <testcase classname="test.Tests" name="testClickCallMeBtn" time="4.561"/>
  <testcase classname="test.Tests" name="testClickChildRoomLinkAndAssertTitle" time="3.201"/>
  <testcase classname="test.Tests" name="testClickContactUsTooltipAndAssertText" time="1.806"/>
  <testcase classname="test.Tests" name="testClickDeliveryBagLinkAndAssertText" time="7.902"/>
  <testcase classname="test.Tests" name="testClickDishwashingSuppliesLinkAndAssertTitle" time="3.562"/>
  <testcase classname="test.Tests" name="testClickFqSelector" time="2.483"/>
  <testcase classname="test.Tests" name="testClickFqSelector2" time="1.911"/>
  <testcase classname="test.Tests" name="testClickPampikLinkAndAssertTitle" time="2.361"/>
  <testcase classname="test.Tests" name="testClickRusLink" time="2.68"/>
  <testcase classname="test.Tests" name="testClickSubMenu" time="3.758"/>
  <testcase classname="test.Tests" name="testMoveToElementCategoryClick" time="3.257"/>
  <testcase classname="test.Tests" name="testSearch" time="3.333"/>
  <testcase classname="test.Tests" name="testSliderNavigation" time="2.342"/>
  <testcase classname="test.Tests" name="testSubmitEmail" time="3.439"/>
</testsuite> <!-- Surefire test -->
