<?xml version="1.0" encoding="UTF-8"?>
<!-- Generated by org.testng.reporters.JUnitXMLReporter -->
<testsuite ignored="0" hostname="япошка" failures="0" tests="10" name="Command line test" time="37.081" errors="0" timestamp="2023-05-14T17:54:02 EEST">
  <testcase classname="test.Tests" name="testClickCallMeBtn" time="5.154"/>
  <testcase classname="test.Tests" name="testClickFqSelector" time="2.655"/>
  <testcase classname="test.Tests" name="testClickFqSelector2" time="2.328"/>
  <testcase classname="test.Tests" name="testClickPampikLinkAndAssertTitle" time="2.375"/>
  <testcase classname="test.Tests" name="testClickRusLink" time="2.654"/>
  <testcase classname="test.Tests" name="testClickSubMenu" time="4.394"/>
  <testcase classname="test.Tests" name="testMoveToElementCategoryClick" time="3.23"/>
  <testcase classname="test.Tests" name="testSearch" time="4.161"/>
  <testcase classname="test.Tests" name="testSliderNavigation" time="2.637"/>
  <testcase classname="test.Tests" name="testSubmitEmail" time="3.846"/>
</testsuite> <!-- Command line test -->
